<?xml version="1.0" encoding="UTF-8"?>
<!-- Generated by org.testng.reporters.JUnitXMLReporter -->
<testsuite ignored="0" hostname="LAPTOP-E1NRTU5J" failures="1" tests="3" name="Test2" time="21.274" errors="0" timestamp="2023-11-21T20:24:18 CST">
  <testcase classname="TestNG_Projects.parameters" name="checkLogo" time="0.0">
    <skipped/>
  </testcase> <!-- checkLogo -->
  <testcase classname="TestNG_Projects.parameters" name="pageTitle" time="0.0">
    <skipped/>
  </testcase> <!-- pageTitle -->
  <testcase classname="TestNG_Projects.parameters" name="pageUrl" time="0.0">
    <failure type="org.testng.TestNGException" message="
Cannot inject @Test annotated Method [pageUrl] with [class java.lang.String].
For more information on native dependency injection please refer to https://testng.org/doc/documentation-main.html#native-dependency-injection">
      <![CDATA[org.testng.TestNGException: 
Cannot inject @Test annotated Method [pageUrl] with [class java.lang.String].
For more information on native dependency injection please refer to https://testng.org/doc/documentation-main.html#native-dependency-injection
at java.base/java.util.ArrayList.forEach(ArrayList.java:1511)
at java.base/java.util.concurrent.FutureTask.run(FutureTask.java:264)
at java.base/java.util.concurrent.ThreadPoolExecutor.runWorker(ThreadPoolExecutor.java:1136)
at java.base/java.util.concurrent.ThreadPoolExecutor$Worker.run(ThreadPoolExecutor.java:635)
at java.base/java.lang.Thread.run(Thread.java:833)
... Removed 16 stack frames]]>
    </failure>
  </testcase> <!-- pageUrl -->
</testsuite> <!-- Test2 -->
